<?xml version="1.0" encoding="UTF-8"?>
<!-- Generated by org.testng.reporters.JUnitReportReporter -->
<testsuite hostname="Raj" name="Day04.GridExecution_testNG" tests="2" failures="0" timestamp="10 Dec 2017 05:35:19 GMT" time="269.334" errors="0">
  <testcase name="Surfing" time="128.409" classname="Day04.GridExecution_testNG"/>
  <testcase name="Surfing" time="140.925" classname="Day04.GridExecution_testNG"/>
</testsuite> <!-- Day04.GridExecution_testNG -->
